<!DOCTYPE html PUBLIC "-//W3C//DTD XHTML 1.1//EN" "http://www.w3.org/TR/xhtml11/DTD/xhtml11.dtd">
<html xmlns="http://www.w3.org/1999/xhtml">
<head>
<meta http-equiv="content-type" content="text/html; charset=UTF-8"/>
<title>TestNG Report</title>
<style type="text/css">table {margin-bottom:10px;border-collapse:collapse;empty-cells:show}th,td {border:1px solid #009;padding:.25em .5em}th {vertical-align:bottom}td {vertical-align:top}table a {font-weight:bold}.stripe td {background-color: #E6EBF9}.num {text-align:right}.passedodd td {background-color: #3F3}.passedeven td {background-color: #0A0}.skippedodd td {background-color: #DDD}.skippedeven td {background-color: #CCC}.failedodd td,.attn {background-color: #F33}.failedeven td,.stripe .attn {background-color: #D00}.stacktrace {white-space:pre;font-family:monospace}.totop {font-size:85%;text-align:center;border-bottom:2px solid #000}.invisible {display:none}</style>
</head>
<body>
<table>
<tr><th>Test</th><th># Passed</th><th># Skipped</th><th># Retried</th><th># Failed</th><th>Time (ms)</th><th>Included Groups</th><th>Excluded Groups</th></tr>
<tr><th colspan="8">php_travels</th></tr>
<tr><td><a href="#t0">Test</a></td><td class="num">9</td><td class="num">0</td><td class="num">0</td><td class="num attn">2</td><td class="num">18,328</td><td></td><td></td></tr>
</table>
<table id='summary'><thead><tr><th>Class</th><th>Method</th><th>Start</th><th>Time (ms)</th></tr></thead><tbody><tr><th colspan="4">php_travels</th></tr></tbody><tbody id="t0"><tr><th colspan="4">Test &#8212; failed</th></tr><tr class="failedeven"><td rowspan="2">test.SignIn</td><td><a href="#m0">buttons</a></td><td rowspan="1">1612597965069</td><td rowspan="1">2062</td></tr><tr class="failedeven"><td><a href="#m1">date</a></td><td rowspan="1">1612597967722</td><td rowspan="1">15</td></tr><tr><th colspan="4">Test &#8212; passed</th></tr><tr class="passedeven"><td rowspan="6">test.Home</td><td><a href="#m2">callNow</a></td><td rowspan="1">1612597964589</td><td rowspan="1">28</td></tr><tr class="passedeven"><td><a href="#m3">currencyButton</a></td><td rowspan="1">1612597959592</td><td rowspan="1">2266</td></tr><tr class="passedeven"><td><a href="#m4">headline</a></td><td rowspan="1">1612597957671</td><td rowspan="1">103</td></tr><tr class="passedeven"><td><a href="#m5">language</a></td><td rowspan="1">1612597962278</td><td rowspan="1">189</td></tr><tr class="passedeven"><td><a href="#m6">logo</a></td><td rowspan="1">1612597958963</td><td rowspan="1">29</td></tr><tr class="passedeven"><td><a href="#m7">myAccount</a></td><td rowspan="1">1612597962948</td><td rowspan="1">1140</td></tr><tr class="passedodd"><td rowspan="3">test.SignIn</td><td><a href="#m8">login</a></td><td rowspan="1">1612597968327</td><td rowspan="1">6396</td></tr><tr class="passedodd"><td><a href="#m9">menuBar</a></td><td rowspan="1">1612597975110</td><td rowspan="1">64</td></tr><tr class="passedodd"><td><a href="#m10">thumbnail</a></td><td rowspan="1">1612597975532</td><td rowspan="1">24</td></tr></tbody>
</table>
<h2>Test</h2><h3 id="m0">test.SignIn#buttons</h3><table class="result"><tr><th>Messages</th></tr><tr><td><div class="messages">Click to see <br/><a target="_blank" href=Sat_Feb_06_02_52_47_EST_2021.jpg>Failed Test</a><br/><br><br/><br><br/><a target="_blank" href=Sat_Feb_06_02_52_47_EST_2021.jpg><img src=Sat_Feb_06_02_52_47_EST_2021.jpg height=200 width=200></img></a></div></td></tr><tr><th>Exception</th></tr><tr><td><div class="stacktrace">org.openqa.selenium.InvalidSelectorException: invalid selector: Unable to locate an element with the xpath expression .//span[@class=&apos;alert alert-danger btn-block text-center&apos; because of the following error:
SyntaxError: Failed to execute &apos;evaluate&apos; on &apos;Document&apos;: The string &apos;.//span[@class=&apos;alert alert-danger btn-block text-center&apos;&apos; is not a valid XPath expression.
  (Session info: chrome=88.0.4324.146)
  (Driver info: chromedriver=88.0.4324.96 (68dba2d8a0b149a1d3afac56fa74648032bcf46b-refs/branch-heads/4324@{#1784}),platform=Windows NT 10.0.18363 x86_64) (WARNING: The server did not provide any stacktrace information)
Command duration or timeout: 57 milliseconds
For documentation on this error, please visit: http://seleniumhq.org/exceptions/invalid_selector_exception.html
Build info: version: &apos;2.53.1&apos;, revision: &apos;a36b8b1cd5757287168e54b817830adce9b0158d&apos;, time: &apos;2016-06-30 19:26:09&apos;
System info: host: &apos;Cristiano-1&apos;, ip: &apos;169.254.123.222&apos;, os.name: &apos;Windows 10&apos;, os.arch: &apos;amd64&apos;, os.version: &apos;10.0&apos;, java.version: &apos;9.0.4&apos;
Driver info: org.openqa.selenium.chrome.ChromeDriver
Capabilities [{mobileEmulationEnabled=false, timeouts={implicit=0, pageLoad=300000, script=30000}, hasTouchScreen=false, platform=XP, acceptSslCerts=false, goog:chromeOptions={debuggerAddress=localhost:23894}, acceptInsecureCerts=false, webStorageEnabled=true, browserName=chrome, takesScreenshot=true, javascriptEnabled=true, setWindowRect=true, webauthn:extension:largeBlob=true, unexpectedAlertBehaviour=ignore, applicationCacheEnabled=false, rotatable=false, networkConnectionEnabled=false, chrome={chromedriverVersion=88.0.4324.96 (68dba2d8a0b149a1d3afac56fa74648032bcf46b-refs/branch-heads/4324@{#1784}), userDataDir=C:\Users\CRISTI~1\AppData\Local\Temp\scoped_dir23000_29679967}, takesHeapSnapshot=true, pageLoadStrategy=normal, strictFileInteractability=false, databaseEnabled=false, handlesAlerts=true, version=88.0.4324.146, browserConnectionEnabled=false, proxy={}, nativeEvents=true, locationContextEnabled=true, cssSelectorsEnabled=true, webauthn:virtualAuthenticators=true}]
Session ID: ed249a626ac6d5b197b719b8cd66ba83
*** Element info: {Using=xpath, value=.//span[@class=&apos;alert alert-danger btn-block text-center&apos;}
	at org.openqa.selenium.remote.ErrorHandler.createThrowable(ErrorHandler.java:206)
	at org.openqa.selenium.remote.ErrorHandler.throwIfResponseFailed(ErrorHandler.java:158)
	at org.openqa.selenium.remote.RemoteWebDriver.execute(RemoteWebDriver.java:678)
	at org.openqa.selenium.remote.RemoteWebDriver.findElement(RemoteWebDriver.java:363)
	at org.openqa.selenium.remote.RemoteWebDriver.findElementByXPath(RemoteWebDriver.java:500)
	at org.openqa.selenium.By$ByXPath.findElement(By.java:361)
	at org.openqa.selenium.remote.RemoteWebDriver.findElement(RemoteWebDriver.java:355)
	at base.Base_PHP.isDisplayed(Base_PHP.java:86)
	at test.SignIn.buttons(SignIn.java:64)
	at java.base/java.util.ArrayList.forEach(ArrayList.java:1380)
... Removed 31 stack frames</div></td></tr></table><p class="totop"><a href="#summary">back to summary</a></p>
<h3 id="m1">test.SignIn#date</h3><table class="result"><tr><th>Messages</th></tr><tr><td><div class="messages">Click to see <br/><a target="_blank" href=Sat_Feb_06_02_52_48_EST_2021.jpg>Failed Test</a><br/><br><br/><br><br/><a target="_blank" href=Sat_Feb_06_02_52_48_EST_2021.jpg><img src=Sat_Feb_06_02_52_48_EST_2021.jpg height=200 width=200></img></a></div></td></tr><tr><th>Exception</th></tr><tr><td><div class="stacktrace">org.openqa.selenium.NoSuchElementException: no such element: Unable to locate element: {&quot;method&quot;:&quot;xpath&quot;,&quot;selector&quot;:&quot;.//span[@class=&apos;h4&apos;]&quot;}
  (Session info: chrome=88.0.4324.146)
  (Driver info: chromedriver=88.0.4324.96 (68dba2d8a0b149a1d3afac56fa74648032bcf46b-refs/branch-heads/4324@{#1784}),platform=Windows NT 10.0.18363 x86_64) (WARNING: The server did not provide any stacktrace information)
Command duration or timeout: 14 milliseconds
For documentation on this error, please visit: http://seleniumhq.org/exceptions/no_such_element.html
Build info: version: &apos;2.53.1&apos;, revision: &apos;a36b8b1cd5757287168e54b817830adce9b0158d&apos;, time: &apos;2016-06-30 19:26:09&apos;
System info: host: &apos;Cristiano-1&apos;, ip: &apos;169.254.123.222&apos;, os.name: &apos;Windows 10&apos;, os.arch: &apos;amd64&apos;, os.version: &apos;10.0&apos;, java.version: &apos;9.0.4&apos;
Driver info: org.openqa.selenium.chrome.ChromeDriver
Capabilities [{mobileEmulationEnabled=false, timeouts={implicit=0, pageLoad=300000, script=30000}, hasTouchScreen=false, platform=XP, acceptSslCerts=false, goog:chromeOptions={debuggerAddress=localhost:23894}, acceptInsecureCerts=false, webStorageEnabled=true, browserName=chrome, takesScreenshot=true, javascriptEnabled=true, setWindowRect=true, webauthn:extension:largeBlob=true, unexpectedAlertBehaviour=ignore, applicationCacheEnabled=false, rotatable=false, networkConnectionEnabled=false, chrome={chromedriverVersion=88.0.4324.96 (68dba2d8a0b149a1d3afac56fa74648032bcf46b-refs/branch-heads/4324@{#1784}), userDataDir=C:\Users\CRISTI~1\AppData\Local\Temp\scoped_dir23000_29679967}, takesHeapSnapshot=true, pageLoadStrategy=normal, strictFileInteractability=false, databaseEnabled=false, handlesAlerts=true, version=88.0.4324.146, browserConnectionEnabled=false, proxy={}, nativeEvents=true, locationContextEnabled=true, cssSelectorsEnabled=true, webauthn:virtualAuthenticators=true}]
Session ID: ed249a626ac6d5b197b719b8cd66ba83
*** Element info: {Using=xpath, value=.//span[@class=&apos;h4&apos;]}
	at org.openqa.selenium.remote.ErrorHandler.createThrowable(ErrorHandler.java:206)
	at org.openqa.selenium.remote.ErrorHandler.throwIfResponseFailed(ErrorHandler.java:158)
	at org.openqa.selenium.remote.RemoteWebDriver.execute(RemoteWebDriver.java:678)
	at org.openqa.selenium.remote.RemoteWebDriver.findElement(RemoteWebDriver.java:363)
	at org.openqa.selenium.remote.RemoteWebDriver.findElementByXPath(RemoteWebDriver.java:500)
	at org.openqa.selenium.By$ByXPath.findElement(By.java:361)
	at org.openqa.selenium.remote.RemoteWebDriver.findElement(RemoteWebDriver.java:355)
	at base.Base_PHP.isDisplayed(Base_PHP.java:86)
	at test.SignIn.date(SignIn.java:45)
	at java.base/java.util.ArrayList.forEach(ArrayList.java:1380)
... Removed 31 stack frames</div></td></tr></table><p class="totop"><a href="#summary">back to summary</a></p>
<h3 id="m2">test.Home#callNow</h3><table class="result"><tr><th>Messages</th></tr><tr><td><div class="messages">Click to see <br/><a target="_blank" href=Sat_Feb_06_02_52_45_EST_2021.jpg>Pass Test</a><br/><br><br/><br><br/><a target="_blank" href=Sat_Feb_06_02_52_45_EST_2021.jpg><img src=Sat_Feb_06_02_52_45_EST_2021.jpg height=200 width=200></img></a></div></td></tr></table><p class="totop"><a href="#summary">back to summary</a></p>
<h3 id="m3">test.Home#currencyButton</h3><table class="result"><tr><th>Messages</th></tr><tr><td><div class="messages">Click to see <br/><a target="_blank" href=Sat_Feb_06_02_52_42_EST_2021.jpg>Pass Test</a><br/><br><br/><br><br/><a target="_blank" href=Sat_Feb_06_02_52_42_EST_2021.jpg><img src=Sat_Feb_06_02_52_42_EST_2021.jpg height=200 width=200></img></a></div></td></tr></table><p class="totop"><a href="#summary">back to summary</a></p>
<h3 id="m4">test.Home#headline</h3><table class="result"><tr><th>Messages</th></tr><tr><td><div class="messages">Click to see <br/><a target="_blank" href=Sat_Feb_06_02_52_38_EST_2021.jpg>Pass Test</a><br/><br><br/><br><br/><a target="_blank" href=Sat_Feb_06_02_52_38_EST_2021.jpg><img src=Sat_Feb_06_02_52_38_EST_2021.jpg height=200 width=200></img></a></div></td></tr></table><p class="totop"><a href="#summary">back to summary</a></p>
<h3 id="m5">test.Home#language</h3><table class="result"><tr><th>Messages</th></tr><tr><td><div class="messages">Click to see <br/><a target="_blank" href=Sat_Feb_06_02_52_42_EST_2021.jpg>Pass Test</a><br/><br><br/><br><br/><a target="_blank" href=Sat_Feb_06_02_52_42_EST_2021.jpg><img src=Sat_Feb_06_02_52_42_EST_2021.jpg height=200 width=200></img></a></div></td></tr></table><p class="totop"><a href="#summary">back to summary</a></p>
<h3 id="m6">test.Home#logo</h3><table class="result"><tr><th>Messages</th></tr><tr><td><div class="messages">Click to see <br/><a target="_blank" href=Sat_Feb_06_02_52_39_EST_2021.jpg>Pass Test</a><br/><br><br/><br><br/><a target="_blank" href=Sat_Feb_06_02_52_39_EST_2021.jpg><img src=Sat_Feb_06_02_52_39_EST_2021.jpg height=200 width=200></img></a></div></td></tr></table><p class="totop"><a href="#summary">back to summary</a></p>
<h3 id="m7">test.Home#myAccount</h3><table class="result"><tr><th>Messages</th></tr><tr><td><div class="messages">Click to see <br/><a target="_blank" href=Sat_Feb_06_02_52_44_EST_2021.jpg>Pass Test</a><br/><br><br/><br><br/><a target="_blank" href=Sat_Feb_06_02_52_44_EST_2021.jpg><img src=Sat_Feb_06_02_52_44_EST_2021.jpg height=200 width=200></img></a></div></td></tr></table><p class="totop"><a href="#summary">back to summary</a></p>
<h3 id="m8">test.SignIn#login</h3><table class="result"><tr class="param"><th>Parameter #1</th></tr><tr class="param stripe"><td>{Password=demouser, Email=user@phptravels.com}</td></tr><tr><th>Messages</th></tr><tr><td><div class="messages">Click to see <br/><a target="_blank" href=Sat_Feb_06_02_52_55_EST_2021.jpg>Pass Test</a><br/><br><br/><br><br/><a target="_blank" href=Sat_Feb_06_02_52_55_EST_2021.jpg><img src=Sat_Feb_06_02_52_55_EST_2021.jpg height=200 width=200></img></a></div></td></tr></table><p class="totop"><a href="#summary">back to summary</a></p>
<h3 id="m9">test.SignIn#menuBar</h3><table class="result"><tr><th>Messages</th></tr><tr><td><div class="messages">Click to see <br/><a target="_blank" href=Sat_Feb_06_02_52_55_EST_2021.jpg>Pass Test</a><br/><br><br/><br><br/><a target="_blank" href=Sat_Feb_06_02_52_55_EST_2021.jpg><img src=Sat_Feb_06_02_52_55_EST_2021.jpg height=200 width=200></img></a></div></td></tr></table><p class="totop"><a href="#summary">back to summary</a></p>
<h3 id="m10">test.SignIn#thumbnail</h3><table class="result"><tr><th>Messages</th></tr><tr><td><div class="messages">Click to see <br/><a target="_blank" href=Sat_Feb_06_02_52_55_EST_2021.jpg>Pass Test</a><br/><br><br/><br><br/><a target="_blank" href=Sat_Feb_06_02_52_55_EST_2021.jpg><img src=Sat_Feb_06_02_52_55_EST_2021.jpg height=200 width=200></img></a></div></td></tr></table><p class="totop"><a href="#summary">back to summary</a></p>
</body>
</html>
