<html>
<head>
<title>TestNG:  Test</title>
<link href="../testng.css" rel="stylesheet" type="text/css" />
<link href="../my-testng.css" rel="stylesheet" type="text/css" />

<style type="text/css">
.log { display: none;} 
.stack-trace { display: none;} 
</style>
<script type="text/javascript">
<!--
function flip(e) {
  current = e.style.display;
  if (current == 'block') {
    e.style.display = 'none';
    return 0;
  }
  else {
    e.style.display = 'block';
    return 1;
  }
}

function toggleBox(szDivId, elem, msg1, msg2)
{
  var res = -1;  if (document.getElementById) {
    res = flip(document.getElementById(szDivId));
  }
  else if (document.all) {
    // this is the way old msie versions work
    res = flip(document.all[szDivId]);
  }
  if(elem) {
    if(res == 0) elem.innerHTML = msg1; else elem.innerHTML = msg2;
  }

}

function toggleAllBoxes() {
  if (document.getElementsByTagName) {
    d = document.getElementsByTagName('div');
    for (i = 0; i < d.length; i++) {
      if (d[i].className == 'log') {
        flip(d[i]);
      }
    }
  }
}

// -->
</script>

</head>
<body>
<h2 align='center'>Test</h2><table border='1' align="center">
<tr>
<td>Tests passed/Failed/Skipped:</td><td>9/2/0</td>
</tr><tr>
<td>Started on:</td><td>Sat Feb 06 02:52:37 EST 2021</td>
</tr>
<tr><td>Total time:</td><td>18 seconds (18328 ms)</td>
</tr><tr>
<td>Included groups:</td><td></td>
</tr><tr>
<td>Excluded groups:</td><td></td>
</tr>
</table><p/>
<small><i>(Hover the method name to see the test class name)</i></small><p/>
<table width='100%' border='1' class='invocation-failed'>
<tr><td colspan='4' align='center'><b>FAILED TESTS</b></td></tr>
<tr><td><b>Test method</b></td>
<td width="30%"><b>Exception</b></td>
<td width="10%"><b>Time (seconds)</b></td>
<td><b>Instance</b></td>
</tr>
<tr>
<td title='test.SignIn.buttons()'><b>buttons</b><br>Test class: test.SignIn<br>Test method: ?Button verification<br/>
<a href="#Output-976042249" onClick='toggleBox("Output-976042249", this, "Show output", "Hide output");'>Show output</a>

<a href="#Output-976042249" onClick="toggleAllBoxes();">Show all outputs</a>
<div class='log' id="Output-976042249">
Click to see <br/>
<a target="_blank" href=Sat_Feb_06_02_52_47_EST_2021.jpg>Failed Test</a><br/>
<br><br/>
<br><br/>
<a target="_blank" href=Sat_Feb_06_02_52_47_EST_2021.jpg><img src=Sat_Feb_06_02_52_47_EST_2021.jpg height=200 width=200></img></a><br/>
</div>
</td>
<td><div><pre>org.openqa.selenium.InvalidSelectorException: invalid selector: Unable to locate an element with the xpath expression .//span[@class=&apos;alert alert-danger btn-block text-center&apos; because of the following error:
SyntaxError: Failed to execute &apos;evaluate&apos; on &apos;Document&apos;: The string &apos;.//span[@class=&apos;alert alert-danger btn-block text-center&apos;&apos; is not a valid XPath expression.
  (Session info: chrome=88.0.4324.146)
  (Driver info: chromedriver=88.0.4324.96 (68dba2d8a0b149a1d3afac56fa74648032bcf46b-refs/branch-heads/4324@{#1784}),platform=Windows NT 10.0.18363 x86_64) (WARNING: The server did not provide any stacktrace information)
Command duration or timeout: 57 milliseconds
For documentation on this error, please visit: http://seleniumhq.org/exceptions/invalid_selector_exception.html
Build info: version: &apos;2.53.1&apos;, revision: &apos;a36b8b1cd5757287168e54b817830adce9b0158d&apos;, time: &apos;2016-06-30 19:26:09&apos;
System info: host: &apos;Cristiano-1&apos;, ip: &apos;169.254.123.222&apos;, os.name: &apos;Windows 10&apos;, os.arch: &apos;amd64&apos;, os.version: &apos;10.0&apos;, java.version: &apos;9.0.4&apos;
Driver info: org.openqa.selenium.chrome.ChromeDriver
Capabilities [{mobileEmulationEnabled=false, timeouts={implicit=0, pageLoad=300000, script=30000}, hasTouchScreen=false, platform=XP, acceptSslCerts=false, goog:chromeOptions={debuggerAddress=localhost:23894}, acceptInsecureCerts=false, webStorageEnabled=true, browserName=chrome, takesScreenshot=true, javascriptEnabled=true, setWindowRect=true, webauthn:extension:largeBlob=true, unexpectedAlertBehaviour=ignore, applicationCacheEnabled=false, rotatable=false, networkConnectionEnabled=false, chrome={chromedriverVersion=88.0.4324.96 (68dba2d8a0b149a1d3afac56fa74648032bcf46b-refs/branch-heads/4324@{#1784}), userDataDir=C:\Users\CRISTI~1\AppData\Local\Temp\scoped_dir23000_29679967}, takesHeapSnapshot=true, pageLoadStrategy=normal, strictFileInteractability=false, databaseEnabled=false, handlesAlerts=true, version=88.0.4324.146, browserConnectionEnabled=false, proxy={}, nativeEvents=true, locationContextEnabled=true, cssSelectorsEnabled=true, webauthn:virtualAuthenticators=true}]
Session ID: ed249a626ac6d5b197b719b8cd66ba83
*** Element info: {Using=xpath, value=.//span[@class=&apos;alert alert-danger btn-block text-center&apos;}
	at org.openqa.selenium.remote.ErrorHandler.createThrowable(ErrorHandler.java:206)
	at org.openqa.selenium.remote.ErrorHandler.throwIfResponseFailed(ErrorHandler.java:158)
	at org.openqa.selenium.remote.RemoteWebDriver.execute(RemoteWebDriver.java:678)
	at org.openqa.selenium.remote.RemoteWebDriver.findElement(RemoteWebDriver.java:363)
	at org.openqa.selenium.remote.RemoteWebDriver.findElementByXPath(RemoteWebDriver.java:500)
	at org.openqa.selenium.By$ByXPath.findElement(By.java:361)
	at org.openqa.selenium.remote.RemoteWebDriver.findElement(RemoteWebDriver.java:355)
	at base.Base_PHP.isDisplayed(Base_PHP.java:86)
	at test.SignIn.buttons(SignIn.java:64)
	at java.base/java.util.ArrayList.forEach(ArrayList.java:1380)
... Removed 31 stack frames</pre></div><a href='#' onClick='toggleBox("stack-trace976042249", this, "Click to show all stack frames", "Click to hide stack frames")'>Click to show all stack frames</a>
<div class='stack-trace' id='stack-trace976042249'><pre>org.openqa.selenium.InvalidSelectorException: invalid selector: Unable to locate an element with the xpath expression .//span[@class=&apos;alert alert-danger btn-block text-center&apos; because of the following error:
SyntaxError: Failed to execute &apos;evaluate&apos; on &apos;Document&apos;: The string &apos;.//span[@class=&apos;alert alert-danger btn-block text-center&apos;&apos; is not a valid XPath expression.
  (Session info: chrome=88.0.4324.146)
  (Driver info: chromedriver=88.0.4324.96 (68dba2d8a0b149a1d3afac56fa74648032bcf46b-refs/branch-heads/4324@{#1784}),platform=Windows NT 10.0.18363 x86_64) (WARNING: The server did not provide any stacktrace information)
Command duration or timeout: 57 milliseconds
For documentation on this error, please visit: http://seleniumhq.org/exceptions/invalid_selector_exception.html
Build info: version: &apos;2.53.1&apos;, revision: &apos;a36b8b1cd5757287168e54b817830adce9b0158d&apos;, time: &apos;2016-06-30 19:26:09&apos;
System info: host: &apos;Cristiano-1&apos;, ip: &apos;169.254.123.222&apos;, os.name: &apos;Windows 10&apos;, os.arch: &apos;amd64&apos;, os.version: &apos;10.0&apos;, java.version: &apos;9.0.4&apos;
Driver info: org.openqa.selenium.chrome.ChromeDriver
Capabilities [{mobileEmulationEnabled=false, timeouts={implicit=0, pageLoad=300000, script=30000}, hasTouchScreen=false, platform=XP, acceptSslCerts=false, goog:chromeOptions={debuggerAddress=localhost:23894}, acceptInsecureCerts=false, webStorageEnabled=true, browserName=chrome, takesScreenshot=true, javascriptEnabled=true, setWindowRect=true, webauthn:extension:largeBlob=true, unexpectedAlertBehaviour=ignore, applicationCacheEnabled=false, rotatable=false, networkConnectionEnabled=false, chrome={chromedriverVersion=88.0.4324.96 (68dba2d8a0b149a1d3afac56fa74648032bcf46b-refs/branch-heads/4324@{#1784}), userDataDir=C:\Users\CRISTI~1\AppData\Local\Temp\scoped_dir23000_29679967}, takesHeapSnapshot=true, pageLoadStrategy=normal, strictFileInteractability=false, databaseEnabled=false, handlesAlerts=true, version=88.0.4324.146, browserConnectionEnabled=false, proxy={}, nativeEvents=true, locationContextEnabled=true, cssSelectorsEnabled=true, webauthn:virtualAuthenticators=true}]
Session ID: ed249a626ac6d5b197b719b8cd66ba83
*** Element info: {Using=xpath, value=.//span[@class=&apos;alert alert-danger btn-block text-center&apos;}
	at java.base/jdk.internal.reflect.NativeConstructorAccessorImpl.newInstance0(Native Method)
	at java.base/jdk.internal.reflect.NativeConstructorAccessorImpl.newInstance(NativeConstructorAccessorImpl.java:62)
	at java.base/jdk.internal.reflect.DelegatingConstructorAccessorImpl.newInstance(DelegatingConstructorAccessorImpl.java:45)
	at java.base/java.lang.reflect.Constructor.newInstance(Constructor.java:488)
	at org.openqa.selenium.remote.ErrorHandler.createThrowable(ErrorHandler.java:206)
	at org.openqa.selenium.remote.ErrorHandler.throwIfResponseFailed(ErrorHandler.java:158)
	at org.openqa.selenium.remote.RemoteWebDriver.execute(RemoteWebDriver.java:678)
	at org.openqa.selenium.remote.RemoteWebDriver.findElement(RemoteWebDriver.java:363)
	at org.openqa.selenium.remote.RemoteWebDriver.findElementByXPath(RemoteWebDriver.java:500)
	at org.openqa.selenium.By$ByXPath.findElement(By.java:361)
	at org.openqa.selenium.remote.RemoteWebDriver.findElement(RemoteWebDriver.java:355)
	at base.Base_PHP.isDisplayed(Base_PHP.java:86)
	at test.SignIn.buttons(SignIn.java:64)
	at java.base/jdk.internal.reflect.NativeMethodAccessorImpl.invoke0(Native Method)
	at java.base/jdk.internal.reflect.NativeMethodAccessorImpl.invoke(NativeMethodAccessorImpl.java:62)
	at java.base/jdk.internal.reflect.DelegatingMethodAccessorImpl.invoke(DelegatingMethodAccessorImpl.java:43)
	at java.base/java.lang.reflect.Method.invoke(Method.java:564)
	at org.testng.internal.MethodInvocationHelper.invokeMethod(MethodInvocationHelper.java:134)
	at org.testng.internal.TestInvoker.invokeMethod(TestInvoker.java:597)
	at org.testng.internal.TestInvoker.invokeTestMethod(TestInvoker.java:173)
	at org.testng.internal.MethodRunner.runInSequence(MethodRunner.java:46)
	at org.testng.internal.TestInvoker$MethodInvocationAgent.invoke(TestInvoker.java:816)
	at org.testng.internal.TestInvoker.invokeTestMethods(TestInvoker.java:146)
	at org.testng.internal.TestMethodWorker.invokeTestMethods(TestMethodWorker.java:146)
	at org.testng.internal.TestMethodWorker.run(TestMethodWorker.java:128)
	at java.base/java.util.ArrayList.forEach(ArrayList.java:1380)
	at org.testng.TestRunner.privateRun(TestRunner.java:766)
	at org.testng.TestRunner.run(TestRunner.java:587)
	at org.testng.SuiteRunner.runTest(SuiteRunner.java:384)
	at org.testng.SuiteRunner.runSequentially(SuiteRunner.java:378)
	at org.testng.SuiteRunner.privateRun(SuiteRunner.java:337)
	at org.testng.SuiteRunner.run(SuiteRunner.java:286)
	at org.testng.SuiteRunnerWorker.runSuite(SuiteRunnerWorker.java:53)
	at org.testng.SuiteRunnerWorker.run(SuiteRunnerWorker.java:96)
	at org.testng.TestNG.runSuitesSequentially(TestNG.java:1187)
	at org.testng.TestNG.runSuitesLocally(TestNG.java:1109)
	at org.testng.TestNG.runSuites(TestNG.java:1039)
	at org.testng.TestNG.run(TestNG.java:1007)
	at org.testng.remote.AbstractRemoteTestNG.run(AbstractRemoteTestNG.java:115)
	at org.testng.remote.RemoteTestNG.initAndRun(RemoteTestNG.java:251)
	at org.testng.remote.RemoteTestNG.main(RemoteTestNG.java:77)
</pre></div></td>
<td>2</td>
<td>test.SignIn@664a9613</td></tr>
<tr>
<td title='test.SignIn.date()'><b>date</b><br>Test class: test.SignIn<br>Test method: ?Date verification<br/>
<a href="#Output-366226635" onClick='toggleBox("Output-366226635", this, "Show output", "Hide output");'>Show output</a>

<a href="#Output-366226635" onClick="toggleAllBoxes();">Show all outputs</a>
<div class='log' id="Output-366226635">
Click to see <br/>
<a target="_blank" href=Sat_Feb_06_02_52_48_EST_2021.jpg>Failed Test</a><br/>
<br><br/>
<br><br/>
<a target="_blank" href=Sat_Feb_06_02_52_48_EST_2021.jpg><img src=Sat_Feb_06_02_52_48_EST_2021.jpg height=200 width=200></img></a><br/>
</div>
</td>
<td><div><pre>org.openqa.selenium.NoSuchElementException: no such element: Unable to locate element: {&quot;method&quot;:&quot;xpath&quot;,&quot;selector&quot;:&quot;.//span[@class=&apos;h4&apos;]&quot;}
  (Session info: chrome=88.0.4324.146)
  (Driver info: chromedriver=88.0.4324.96 (68dba2d8a0b149a1d3afac56fa74648032bcf46b-refs/branch-heads/4324@{#1784}),platform=Windows NT 10.0.18363 x86_64) (WARNING: The server did not provide any stacktrace information)
Command duration or timeout: 14 milliseconds
For documentation on this error, please visit: http://seleniumhq.org/exceptions/no_such_element.html
Build info: version: &apos;2.53.1&apos;, revision: &apos;a36b8b1cd5757287168e54b817830adce9b0158d&apos;, time: &apos;2016-06-30 19:26:09&apos;
System info: host: &apos;Cristiano-1&apos;, ip: &apos;169.254.123.222&apos;, os.name: &apos;Windows 10&apos;, os.arch: &apos;amd64&apos;, os.version: &apos;10.0&apos;, java.version: &apos;9.0.4&apos;
Driver info: org.openqa.selenium.chrome.ChromeDriver
Capabilities [{mobileEmulationEnabled=false, timeouts={implicit=0, pageLoad=300000, script=30000}, hasTouchScreen=false, platform=XP, acceptSslCerts=false, goog:chromeOptions={debuggerAddress=localhost:23894}, acceptInsecureCerts=false, webStorageEnabled=true, browserName=chrome, takesScreenshot=true, javascriptEnabled=true, setWindowRect=true, webauthn:extension:largeBlob=true, unexpectedAlertBehaviour=ignore, applicationCacheEnabled=false, rotatable=false, networkConnectionEnabled=false, chrome={chromedriverVersion=88.0.4324.96 (68dba2d8a0b149a1d3afac56fa74648032bcf46b-refs/branch-heads/4324@{#1784}), userDataDir=C:\Users\CRISTI~1\AppData\Local\Temp\scoped_dir23000_29679967}, takesHeapSnapshot=true, pageLoadStrategy=normal, strictFileInteractability=false, databaseEnabled=false, handlesAlerts=true, version=88.0.4324.146, browserConnectionEnabled=false, proxy={}, nativeEvents=true, locationContextEnabled=true, cssSelectorsEnabled=true, webauthn:virtualAuthenticators=true}]
Session ID: ed249a626ac6d5b197b719b8cd66ba83
*** Element info: {Using=xpath, value=.//span[@class=&apos;h4&apos;]}
	at org.openqa.selenium.remote.ErrorHandler.createThrowable(ErrorHandler.java:206)
	at org.openqa.selenium.remote.ErrorHandler.throwIfResponseFailed(ErrorHandler.java:158)
	at org.openqa.selenium.remote.RemoteWebDriver.execute(RemoteWebDriver.java:678)
	at org.openqa.selenium.remote.RemoteWebDriver.findElement(RemoteWebDriver.java:363)
	at org.openqa.selenium.remote.RemoteWebDriver.findElementByXPath(RemoteWebDriver.java:500)
	at org.openqa.selenium.By$ByXPath.findElement(By.java:361)
	at org.openqa.selenium.remote.RemoteWebDriver.findElement(RemoteWebDriver.java:355)
	at base.Base_PHP.isDisplayed(Base_PHP.java:86)
	at test.SignIn.date(SignIn.java:45)
	at java.base/java.util.ArrayList.forEach(ArrayList.java:1380)
... Removed 31 stack frames</pre></div><a href='#' onClick='toggleBox("stack-trace366226635", this, "Click to show all stack frames", "Click to hide stack frames")'>Click to show all stack frames</a>
<div class='stack-trace' id='stack-trace366226635'><pre>org.openqa.selenium.NoSuchElementException: no such element: Unable to locate element: {&quot;method&quot;:&quot;xpath&quot;,&quot;selector&quot;:&quot;.//span[@class=&apos;h4&apos;]&quot;}
  (Session info: chrome=88.0.4324.146)
  (Driver info: chromedriver=88.0.4324.96 (68dba2d8a0b149a1d3afac56fa74648032bcf46b-refs/branch-heads/4324@{#1784}),platform=Windows NT 10.0.18363 x86_64) (WARNING: The server did not provide any stacktrace information)
Command duration or timeout: 14 milliseconds
For documentation on this error, please visit: http://seleniumhq.org/exceptions/no_such_element.html
Build info: version: &apos;2.53.1&apos;, revision: &apos;a36b8b1cd5757287168e54b817830adce9b0158d&apos;, time: &apos;2016-06-30 19:26:09&apos;
System info: host: &apos;Cristiano-1&apos;, ip: &apos;169.254.123.222&apos;, os.name: &apos;Windows 10&apos;, os.arch: &apos;amd64&apos;, os.version: &apos;10.0&apos;, java.version: &apos;9.0.4&apos;
Driver info: org.openqa.selenium.chrome.ChromeDriver
Capabilities [{mobileEmulationEnabled=false, timeouts={implicit=0, pageLoad=300000, script=30000}, hasTouchScreen=false, platform=XP, acceptSslCerts=false, goog:chromeOptions={debuggerAddress=localhost:23894}, acceptInsecureCerts=false, webStorageEnabled=true, browserName=chrome, takesScreenshot=true, javascriptEnabled=true, setWindowRect=true, webauthn:extension:largeBlob=true, unexpectedAlertBehaviour=ignore, applicationCacheEnabled=false, rotatable=false, networkConnectionEnabled=false, chrome={chromedriverVersion=88.0.4324.96 (68dba2d8a0b149a1d3afac56fa74648032bcf46b-refs/branch-heads/4324@{#1784}), userDataDir=C:\Users\CRISTI~1\AppData\Local\Temp\scoped_dir23000_29679967}, takesHeapSnapshot=true, pageLoadStrategy=normal, strictFileInteractability=false, databaseEnabled=false, handlesAlerts=true, version=88.0.4324.146, browserConnectionEnabled=false, proxy={}, nativeEvents=true, locationContextEnabled=true, cssSelectorsEnabled=true, webauthn:virtualAuthenticators=true}]
Session ID: ed249a626ac6d5b197b719b8cd66ba83
*** Element info: {Using=xpath, value=.//span[@class=&apos;h4&apos;]}
	at java.base/jdk.internal.reflect.NativeConstructorAccessorImpl.newInstance0(Native Method)
	at java.base/jdk.internal.reflect.NativeConstructorAccessorImpl.newInstance(NativeConstructorAccessorImpl.java:62)
	at java.base/jdk.internal.reflect.DelegatingConstructorAccessorImpl.newInstance(DelegatingConstructorAccessorImpl.java:45)
	at java.base/java.lang.reflect.Constructor.newInstance(Constructor.java:488)
	at org.openqa.selenium.remote.ErrorHandler.createThrowable(ErrorHandler.java:206)
	at org.openqa.selenium.remote.ErrorHandler.throwIfResponseFailed(ErrorHandler.java:158)
	at org.openqa.selenium.remote.RemoteWebDriver.execute(RemoteWebDriver.java:678)
	at org.openqa.selenium.remote.RemoteWebDriver.findElement(RemoteWebDriver.java:363)
	at org.openqa.selenium.remote.RemoteWebDriver.findElementByXPath(RemoteWebDriver.java:500)
	at org.openqa.selenium.By$ByXPath.findElement(By.java:361)
	at org.openqa.selenium.remote.RemoteWebDriver.findElement(RemoteWebDriver.java:355)
	at base.Base_PHP.isDisplayed(Base_PHP.java:86)
	at test.SignIn.date(SignIn.java:45)
	at java.base/jdk.internal.reflect.NativeMethodAccessorImpl.invoke0(Native Method)
	at java.base/jdk.internal.reflect.NativeMethodAccessorImpl.invoke(NativeMethodAccessorImpl.java:62)
	at java.base/jdk.internal.reflect.DelegatingMethodAccessorImpl.invoke(DelegatingMethodAccessorImpl.java:43)
	at java.base/java.lang.reflect.Method.invoke(Method.java:564)
	at org.testng.internal.MethodInvocationHelper.invokeMethod(MethodInvocationHelper.java:134)
	at org.testng.internal.TestInvoker.invokeMethod(TestInvoker.java:597)
	at org.testng.internal.TestInvoker.invokeTestMethod(TestInvoker.java:173)
	at org.testng.internal.MethodRunner.runInSequence(MethodRunner.java:46)
	at org.testng.internal.TestInvoker$MethodInvocationAgent.invoke(TestInvoker.java:816)
	at org.testng.internal.TestInvoker.invokeTestMethods(TestInvoker.java:146)
	at org.testng.internal.TestMethodWorker.invokeTestMethods(TestMethodWorker.java:146)
	at org.testng.internal.TestMethodWorker.run(TestMethodWorker.java:128)
	at java.base/java.util.ArrayList.forEach(ArrayList.java:1380)
	at org.testng.TestRunner.privateRun(TestRunner.java:766)
	at org.testng.TestRunner.run(TestRunner.java:587)
	at org.testng.SuiteRunner.runTest(SuiteRunner.java:384)
	at org.testng.SuiteRunner.runSequentially(SuiteRunner.java:378)
	at org.testng.SuiteRunner.privateRun(SuiteRunner.java:337)
	at org.testng.SuiteRunner.run(SuiteRunner.java:286)
	at org.testng.SuiteRunnerWorker.runSuite(SuiteRunnerWorker.java:53)
	at org.testng.SuiteRunnerWorker.run(SuiteRunnerWorker.java:96)
	at org.testng.TestNG.runSuitesSequentially(TestNG.java:1187)
	at org.testng.TestNG.runSuitesLocally(TestNG.java:1109)
	at org.testng.TestNG.runSuites(TestNG.java:1039)
	at org.testng.TestNG.run(TestNG.java:1007)
	at org.testng.remote.AbstractRemoteTestNG.run(AbstractRemoteTestNG.java:115)
	at org.testng.remote.RemoteTestNG.initAndRun(RemoteTestNG.java:251)
	at org.testng.remote.RemoteTestNG.main(RemoteTestNG.java:77)
</pre></div></td>
<td>0</td>
<td>test.SignIn@664a9613</td></tr>
</table><p>
<table width='100%' border='1' class='invocation-passed'>
<tr><td colspan='4' align='center'><b>PASSED TESTS</b></td></tr>
<tr><td><b>Test method</b></td>
<td width="30%"><b>Exception</b></td>
<td width="10%"><b>Time (seconds)</b></td>
<td><b>Instance</b></td>
</tr>
<tr>
<td title='test.Home.callNow()'><b>callNow</b><br>Test class: test.Home<br/>
<a href="#Output-1495454697" onClick='toggleBox("Output-1495454697", this, "Show output", "Hide output");'>Show output</a>

<a href="#Output-1495454697" onClick="toggleAllBoxes();">Show all outputs</a>
<div class='log' id="Output-1495454697">
Click to see <br/>
<a target="_blank" href=Sat_Feb_06_02_52_45_EST_2021.jpg>Pass Test</a><br/>
<br><br/>
<br><br/>
<a target="_blank" href=Sat_Feb_06_02_52_45_EST_2021.jpg><img src=Sat_Feb_06_02_52_45_EST_2021.jpg height=200 width=200></img></a><br/>
</div>
</td>
<td></td>
<td>0</td>
<td>test.Home@314b8f2d</td></tr>
<tr>
<td title='test.Home.currencyButton()'><b>currencyButton</b><br>Test class: test.Home<br>Test method: Currency button and list verification<br/>
<a href="#Output-1237416868" onClick='toggleBox("Output-1237416868", this, "Show output", "Hide output");'>Show output</a>

<a href="#Output-1237416868" onClick="toggleAllBoxes();">Show all outputs</a>
<div class='log' id="Output-1237416868">
Click to see <br/>
<a target="_blank" href=Sat_Feb_06_02_52_42_EST_2021.jpg>Pass Test</a><br/>
<br><br/>
<br><br/>
<a target="_blank" href=Sat_Feb_06_02_52_42_EST_2021.jpg><img src=Sat_Feb_06_02_52_42_EST_2021.jpg height=200 width=200></img></a><br/>
</div>
</td>
<td></td>
<td>2</td>
<td>test.Home@314b8f2d</td></tr>
<tr>
<td title='test.Home.headline()'><b>headline</b><br>Test class: test.Home<br>Test method: Headline verification<br/>
<a href="#Output-1618489605" onClick='toggleBox("Output-1618489605", this, "Show output", "Hide output");'>Show output</a>

<a href="#Output-1618489605" onClick="toggleAllBoxes();">Show all outputs</a>
<div class='log' id="Output-1618489605">
Click to see <br/>
<a target="_blank" href=Sat_Feb_06_02_52_38_EST_2021.jpg>Pass Test</a><br/>
<br><br/>
<br><br/>
<a target="_blank" href=Sat_Feb_06_02_52_38_EST_2021.jpg><img src=Sat_Feb_06_02_52_38_EST_2021.jpg height=200 width=200></img></a><br/>
</div>
</td>
<td></td>
<td>0</td>
<td>test.Home@314b8f2d</td></tr>
<tr>
<td title='test.Home.language()'><b>language</b><br>Test class: test.Home<br>Test method: Language button verification<br/>
<a href="#Output-1792904767" onClick='toggleBox("Output-1792904767", this, "Show output", "Hide output");'>Show output</a>

<a href="#Output-1792904767" onClick="toggleAllBoxes();">Show all outputs</a>
<div class='log' id="Output-1792904767">
Click to see <br/>
<a target="_blank" href=Sat_Feb_06_02_52_42_EST_2021.jpg>Pass Test</a><br/>
<br><br/>
<br><br/>
<a target="_blank" href=Sat_Feb_06_02_52_42_EST_2021.jpg><img src=Sat_Feb_06_02_52_42_EST_2021.jpg height=200 width=200></img></a><br/>
</div>
</td>
<td></td>
<td>0</td>
<td>test.Home@314b8f2d</td></tr>
<tr>
<td title='test.SignIn.login()'><b>login</b><br>Test class: test.SignIn<br>Parameters: {Password=demouser, Email=user@phptravels.com}<br/>
<a href="#Output-1681730990" onClick='toggleBox("Output-1681730990", this, "Show output", "Hide output");'>Show output</a>

<a href="#Output-1681730990" onClick="toggleAllBoxes();">Show all outputs</a>
<div class='log' id="Output-1681730990">
Click to see <br/>
<a target="_blank" href=Sat_Feb_06_02_52_55_EST_2021.jpg>Pass Test</a><br/>
<br><br/>
<br><br/>
<a target="_blank" href=Sat_Feb_06_02_52_55_EST_2021.jpg><img src=Sat_Feb_06_02_52_55_EST_2021.jpg height=200 width=200></img></a><br/>
</div>
</td>
<td></td>
<td>6</td>
<td>test.SignIn@664a9613</td></tr>
<tr>
<td title='test.Home.logo()'><b>logo</b><br>Test class: test.Home<br>Test method: Logo verification<br/>
<a href="#Output-254952533" onClick='toggleBox("Output-254952533", this, "Show output", "Hide output");'>Show output</a>

<a href="#Output-254952533" onClick="toggleAllBoxes();">Show all outputs</a>
<div class='log' id="Output-254952533">
Click to see <br/>
<a target="_blank" href=Sat_Feb_06_02_52_39_EST_2021.jpg>Pass Test</a><br/>
<br><br/>
<br><br/>
<a target="_blank" href=Sat_Feb_06_02_52_39_EST_2021.jpg><img src=Sat_Feb_06_02_52_39_EST_2021.jpg height=200 width=200></img></a><br/>
</div>
</td>
<td></td>
<td>0</td>
<td>test.Home@314b8f2d</td></tr>
<tr>
<td title='test.SignIn.menuBar()'><b>menuBar</b><br>Test class: test.SignIn<br/>
<a href="#Output-1134043959" onClick='toggleBox("Output-1134043959", this, "Show output", "Hide output");'>Show output</a>

<a href="#Output-1134043959" onClick="toggleAllBoxes();">Show all outputs</a>
<div class='log' id="Output-1134043959">
Click to see <br/>
<a target="_blank" href=Sat_Feb_06_02_52_55_EST_2021.jpg>Pass Test</a><br/>
<br><br/>
<br><br/>
<a target="_blank" href=Sat_Feb_06_02_52_55_EST_2021.jpg><img src=Sat_Feb_06_02_52_55_EST_2021.jpg height=200 width=200></img></a><br/>
</div>
</td>
<td></td>
<td>0</td>
<td>test.SignIn@664a9613</td></tr>
<tr>
<td title='test.Home.myAccount()'><b>myAccount</b><br>Test class: test.Home<br>Test method: My Account verification<br/>
<a href="#Output-624475142" onClick='toggleBox("Output-624475142", this, "Show output", "Hide output");'>Show output</a>

<a href="#Output-624475142" onClick="toggleAllBoxes();">Show all outputs</a>
<div class='log' id="Output-624475142">
Click to see <br/>
<a target="_blank" href=Sat_Feb_06_02_52_44_EST_2021.jpg>Pass Test</a><br/>
<br><br/>
<br><br/>
<a target="_blank" href=Sat_Feb_06_02_52_44_EST_2021.jpg><img src=Sat_Feb_06_02_52_44_EST_2021.jpg height=200 width=200></img></a><br/>
</div>
</td>
<td></td>
<td>1</td>
<td>test.Home@314b8f2d</td></tr>
<tr>
<td title='test.SignIn.thumbnail()'><b>thumbnail</b><br>Test class: test.SignIn<br>Test method: Thumbnail verification<br/>
<a href="#Output-406265225" onClick='toggleBox("Output-406265225", this, "Show output", "Hide output");'>Show output</a>

<a href="#Output-406265225" onClick="toggleAllBoxes();">Show all outputs</a>
<div class='log' id="Output-406265225">
Click to see <br/>
<a target="_blank" href=Sat_Feb_06_02_52_55_EST_2021.jpg>Pass Test</a><br/>
<br><br/>
<br><br/>
<a target="_blank" href=Sat_Feb_06_02_52_55_EST_2021.jpg><img src=Sat_Feb_06_02_52_55_EST_2021.jpg height=200 width=200></img></a><br/>
</div>
</td>
<td></td>
<td>0</td>
<td>test.SignIn@664a9613</td></tr>
</table><p>
</body>
</html>