<?xml version="1.0" encoding="UTF-8"?>
<!-- Generated by org.testng.reporters.JUnitXMLReporter -->
<testsuite ignored="0" hostname="Cristiano-1" failures="0" tests="6" name="Default test" time="3.635" errors="0" timestamp="2021-02-03T01:18:08 EST">
  <testcase classname="test.Home" name="callNow" time="0.04"/>
  <testcase classname="test.Home" name="currencyButton" time="2.227"/>
  <testcase classname="test.Home" name="headline" time="0.024"/>
  <testcase classname="test.Home" name="language" time="0.195"/>
  <testcase classname="test.Home" name="logo" time="0.023"/>
  <testcase classname="test.Home" name="myAccount" time="1.09"/>
</testsuite> <!-- Default test -->
