<?xml version="1.0" encoding="utf-8" ?>
<!DOCTYPE html PUBLIC "-//W3C//DTD XHTML 1.0 Strict//EN"
        "http://www.w3.org/TR/xhtml1/DTD/xhtml1-strict.dtd">
<html xmlns="http://www.w3.org/1999/xhtml" xml:lang="" lang="">
<head>
  <title>Test Results Report - Test</title>
  <meta http-equiv="Content-Type" content="text/html;charset=utf-8" />
  <meta name="description" content="TestNG unit test results." />
  <link href="reportng.css" rel="stylesheet" type="text/css" />
    <script type="text/javascript" src="reportng.js"></script>
</head>
<body>
<h1>Test</h1>
<p>
  Test duration: 23.444s
</p>



  <table class="resultsTable">
    <tr><th colspan="3" class="header failed">Failed Tests</th></tr>
          <tr>
        <td colspan="3" class="group">test.SignIn</td>
      </tr>
            
<tr>
  <td class="method">
                  <span class="description" title="?Button verification">buttons</span>
      </td>
  <td class="duration">
    2.062s
  </td>
  <td class="result">
        
    
            <div class="testOutput">
                        Click to see 
                                <a target="_blank" href=Sat_Feb_06_02_52_47_EST_2021.jpg>Failed Test</a>
                                <br>
                                <br>
                                <a target="_blank" href=Sat_Feb_06_02_52_47_EST_2021.jpg><img src=Sat_Feb_06_02_52_47_EST_2021.jpg height=200 width=200></img></a>
                  </div>
    

        <a href="javascript:toggleElement('exception-0', 'block')" title="Click to expand/collapse"><b>org.openqa.selenium.InvalidSelectorException: invalid selector: Unable to locate an element with the xpath expression .//span[@class=&apos;alert alert-danger btn-block text-center&apos; because of the following error:<br/>
SyntaxError: Failed to execute &apos;evaluate&apos; on &apos;Document&apos;: The string &apos;.//span[@class=&apos;alert alert-danger btn-block text-center&apos;&apos; is not a valid XPath expression.<br/>
&nbsp; (Session info: chrome=88.0.4324.146)<br/>
&nbsp; (Driver info: chromedriver=88.0.4324.96 (68dba2d8a0b149a1d3afac56fa74648032bcf46b-refs/branch-heads/4324@{#1784}),platform=Windows NT 10.0.18363 x86_64) (WARNING: The server did not provide any stacktrace information)<br/>
Command duration or timeout: 57 milliseconds<br/>
For documentation on this error, please visit: http://seleniumhq.org/exceptions/invalid_selector_exception.html<br/>
Build info: version: &apos;2.53.1&apos;, revision: &apos;a36b8b1cd5757287168e54b817830adce9b0158d&apos;, time: &apos;2016-06-30 19:26:09&apos;<br/>
System info: host: &apos;Cristiano-1&apos;, ip: &apos;169.254.123.222&apos;, os.name: &apos;Windows 10&apos;, os.arch: &apos;amd64&apos;, os.version: &apos;10.0&apos;, java.version: &apos;9.0.4&apos;<br/>
Driver info: org.openqa.selenium.chrome.ChromeDriver<br/>
Capabilities [{mobileEmulationEnabled=false, timeouts={implicit=0, pageLoad=300000, script=30000}, hasTouchScreen=false, platform=XP, acceptSslCerts=false, goog:chromeOptions={debuggerAddress=localhost:23894}, acceptInsecureCerts=false, webStorageEnabled=true, browserName=chrome, takesScreenshot=true, javascriptEnabled=true, setWindowRect=true, webauthn:extension:largeBlob=true, unexpectedAlertBehaviour=ignore, applicationCacheEnabled=false, rotatable=false, networkConnectionEnabled=false, chrome={chromedriverVersion=88.0.4324.96 (68dba2d8a0b149a1d3afac56fa74648032bcf46b-refs/branch-heads/4324@{#1784}), userDataDir=C:\Users\CRISTI~1\AppData\Local\Temp\scoped_dir23000_29679967}, takesHeapSnapshot=true, pageLoadStrategy=normal, strictFileInteractability=false, databaseEnabled=false, handlesAlerts=true, version=88.0.4324.146, browserConnectionEnabled=false, proxy={}, nativeEvents=true, locationContextEnabled=true, cssSelectorsEnabled=true, webauthn:virtualAuthenticators=true}]<br/>
Session ID: ed249a626ac6d5b197b719b8cd66ba83<br/>
*** Element info: {Using=xpath, value=.//span[@class=&apos;alert alert-danger btn-block text-center&apos;}</b></a><br />
    <div class="stackTrace" id="exception-0">
              java.base/jdk.internal.reflect.NativeConstructorAccessorImpl.newInstance0(Native Method)<br />
              java.base/jdk.internal.reflect.NativeConstructorAccessorImpl.newInstance(NativeConstructorAccessorImpl.java:62)<br />
              java.base/jdk.internal.reflect.DelegatingConstructorAccessorImpl.newInstance(DelegatingConstructorAccessorImpl.java:45)<br />
              java.base/java.lang.reflect.Constructor.newInstance(Constructor.java:488)<br />
              org.openqa.selenium.remote.ErrorHandler.createThrowable(ErrorHandler.java:206)<br />
              org.openqa.selenium.remote.ErrorHandler.throwIfResponseFailed(ErrorHandler.java:158)<br />
              org.openqa.selenium.remote.RemoteWebDriver.execute(RemoteWebDriver.java:678)<br />
              org.openqa.selenium.remote.RemoteWebDriver.findElement(RemoteWebDriver.java:363)<br />
              org.openqa.selenium.remote.RemoteWebDriver.findElementByXPath(RemoteWebDriver.java:500)<br />
              org.openqa.selenium.By$ByXPath.findElement(By.java:361)<br />
              org.openqa.selenium.remote.RemoteWebDriver.findElement(RemoteWebDriver.java:355)<br />
              base.Base_PHP.isDisplayed(Base_PHP.java:86)<br />
              test.SignIn.buttons(SignIn.java:64)<br />
              java.base/jdk.internal.reflect.NativeMethodAccessorImpl.invoke0(Native Method)<br />
              java.base/jdk.internal.reflect.NativeMethodAccessorImpl.invoke(NativeMethodAccessorImpl.java:62)<br />
              java.base/jdk.internal.reflect.DelegatingMethodAccessorImpl.invoke(DelegatingMethodAccessorImpl.java:43)<br />
              java.base/java.lang.reflect.Method.invoke(Method.java:564)<br />
              org.testng.internal.MethodInvocationHelper.invokeMethod(MethodInvocationHelper.java:134)<br />
              org.testng.internal.TestInvoker.invokeMethod(TestInvoker.java:597)<br />
              org.testng.internal.TestInvoker.invokeTestMethod(TestInvoker.java:173)<br />
              org.testng.internal.MethodRunner.runInSequence(MethodRunner.java:46)<br />
              org.testng.internal.TestInvoker$MethodInvocationAgent.invoke(TestInvoker.java:816)<br />
              org.testng.internal.TestInvoker.invokeTestMethods(TestInvoker.java:146)<br />
              org.testng.internal.TestMethodWorker.invokeTestMethods(TestMethodWorker.java:146)<br />
              org.testng.internal.TestMethodWorker.run(TestMethodWorker.java:128)<br />
              java.base/java.util.ArrayList.forEach(ArrayList.java:1380)<br />
              org.testng.TestRunner.privateRun(TestRunner.java:766)<br />
              org.testng.TestRunner.run(TestRunner.java:587)<br />
              org.testng.SuiteRunner.runTest(SuiteRunner.java:384)<br />
              org.testng.SuiteRunner.runSequentially(SuiteRunner.java:378)<br />
              org.testng.SuiteRunner.privateRun(SuiteRunner.java:337)<br />
              org.testng.SuiteRunner.run(SuiteRunner.java:286)<br />
              org.testng.SuiteRunnerWorker.runSuite(SuiteRunnerWorker.java:53)<br />
              org.testng.SuiteRunnerWorker.run(SuiteRunnerWorker.java:96)<br />
              org.testng.TestNG.runSuitesSequentially(TestNG.java:1187)<br />
              org.testng.TestNG.runSuitesLocally(TestNG.java:1109)<br />
              org.testng.TestNG.runSuites(TestNG.java:1039)<br />
              org.testng.TestNG.run(TestNG.java:1007)<br />
              org.testng.remote.AbstractRemoteTestNG.run(AbstractRemoteTestNG.java:115)<br />
              org.testng.remote.RemoteTestNG.initAndRun(RemoteTestNG.java:251)<br />
              org.testng.remote.RemoteTestNG.main(RemoteTestNG.java:77)<br />
                </div>
      </td>
</tr>
<tr>
  <td class="method">
                  <span class="description" title="?Date verification">date</span>
      </td>
  <td class="duration">
    0.015s
  </td>
  <td class="result">
        
    
            <div class="testOutput">
                        Click to see 
                                <a target="_blank" href=Sat_Feb_06_02_52_48_EST_2021.jpg>Failed Test</a>
                                <br>
                                <br>
                                <a target="_blank" href=Sat_Feb_06_02_52_48_EST_2021.jpg><img src=Sat_Feb_06_02_52_48_EST_2021.jpg height=200 width=200></img></a>
                  </div>
    

        <a href="javascript:toggleElement('exception-1', 'block')" title="Click to expand/collapse"><b>org.openqa.selenium.NoSuchElementException: no such element: Unable to locate element: {&quot;method&quot;:&quot;xpath&quot;,&quot;selector&quot;:&quot;.//span[@class=&apos;h4&apos;]&quot;}<br/>
&nbsp; (Session info: chrome=88.0.4324.146)<br/>
&nbsp; (Driver info: chromedriver=88.0.4324.96 (68dba2d8a0b149a1d3afac56fa74648032bcf46b-refs/branch-heads/4324@{#1784}),platform=Windows NT 10.0.18363 x86_64) (WARNING: The server did not provide any stacktrace information)<br/>
Command duration or timeout: 14 milliseconds<br/>
For documentation on this error, please visit: http://seleniumhq.org/exceptions/no_such_element.html<br/>
Build info: version: &apos;2.53.1&apos;, revision: &apos;a36b8b1cd5757287168e54b817830adce9b0158d&apos;, time: &apos;2016-06-30 19:26:09&apos;<br/>
System info: host: &apos;Cristiano-1&apos;, ip: &apos;169.254.123.222&apos;, os.name: &apos;Windows 10&apos;, os.arch: &apos;amd64&apos;, os.version: &apos;10.0&apos;, java.version: &apos;9.0.4&apos;<br/>
Driver info: org.openqa.selenium.chrome.ChromeDriver<br/>
Capabilities [{mobileEmulationEnabled=false, timeouts={implicit=0, pageLoad=300000, script=30000}, hasTouchScreen=false, platform=XP, acceptSslCerts=false, goog:chromeOptions={debuggerAddress=localhost:23894}, acceptInsecureCerts=false, webStorageEnabled=true, browserName=chrome, takesScreenshot=true, javascriptEnabled=true, setWindowRect=true, webauthn:extension:largeBlob=true, unexpectedAlertBehaviour=ignore, applicationCacheEnabled=false, rotatable=false, networkConnectionEnabled=false, chrome={chromedriverVersion=88.0.4324.96 (68dba2d8a0b149a1d3afac56fa74648032bcf46b-refs/branch-heads/4324@{#1784}), userDataDir=C:\Users\CRISTI~1\AppData\Local\Temp\scoped_dir23000_29679967}, takesHeapSnapshot=true, pageLoadStrategy=normal, strictFileInteractability=false, databaseEnabled=false, handlesAlerts=true, version=88.0.4324.146, browserConnectionEnabled=false, proxy={}, nativeEvents=true, locationContextEnabled=true, cssSelectorsEnabled=true, webauthn:virtualAuthenticators=true}]<br/>
Session ID: ed249a626ac6d5b197b719b8cd66ba83<br/>
*** Element info: {Using=xpath, value=.//span[@class=&apos;h4&apos;]}</b></a><br />
    <div class="stackTrace" id="exception-1">
              java.base/jdk.internal.reflect.NativeConstructorAccessorImpl.newInstance0(Native Method)<br />
              java.base/jdk.internal.reflect.NativeConstructorAccessorImpl.newInstance(NativeConstructorAccessorImpl.java:62)<br />
              java.base/jdk.internal.reflect.DelegatingConstructorAccessorImpl.newInstance(DelegatingConstructorAccessorImpl.java:45)<br />
              java.base/java.lang.reflect.Constructor.newInstance(Constructor.java:488)<br />
              org.openqa.selenium.remote.ErrorHandler.createThrowable(ErrorHandler.java:206)<br />
              org.openqa.selenium.remote.ErrorHandler.throwIfResponseFailed(ErrorHandler.java:158)<br />
              org.openqa.selenium.remote.RemoteWebDriver.execute(RemoteWebDriver.java:678)<br />
              org.openqa.selenium.remote.RemoteWebDriver.findElement(RemoteWebDriver.java:363)<br />
              org.openqa.selenium.remote.RemoteWebDriver.findElementByXPath(RemoteWebDriver.java:500)<br />
              org.openqa.selenium.By$ByXPath.findElement(By.java:361)<br />
              org.openqa.selenium.remote.RemoteWebDriver.findElement(RemoteWebDriver.java:355)<br />
              base.Base_PHP.isDisplayed(Base_PHP.java:86)<br />
              test.SignIn.date(SignIn.java:45)<br />
              java.base/jdk.internal.reflect.NativeMethodAccessorImpl.invoke0(Native Method)<br />
              java.base/jdk.internal.reflect.NativeMethodAccessorImpl.invoke(NativeMethodAccessorImpl.java:62)<br />
              java.base/jdk.internal.reflect.DelegatingMethodAccessorImpl.invoke(DelegatingMethodAccessorImpl.java:43)<br />
              java.base/java.lang.reflect.Method.invoke(Method.java:564)<br />
              org.testng.internal.MethodInvocationHelper.invokeMethod(MethodInvocationHelper.java:134)<br />
              org.testng.internal.TestInvoker.invokeMethod(TestInvoker.java:597)<br />
              org.testng.internal.TestInvoker.invokeTestMethod(TestInvoker.java:173)<br />
              org.testng.internal.MethodRunner.runInSequence(MethodRunner.java:46)<br />
              org.testng.internal.TestInvoker$MethodInvocationAgent.invoke(TestInvoker.java:816)<br />
              org.testng.internal.TestInvoker.invokeTestMethods(TestInvoker.java:146)<br />
              org.testng.internal.TestMethodWorker.invokeTestMethods(TestMethodWorker.java:146)<br />
              org.testng.internal.TestMethodWorker.run(TestMethodWorker.java:128)<br />
              java.base/java.util.ArrayList.forEach(ArrayList.java:1380)<br />
              org.testng.TestRunner.privateRun(TestRunner.java:766)<br />
              org.testng.TestRunner.run(TestRunner.java:587)<br />
              org.testng.SuiteRunner.runTest(SuiteRunner.java:384)<br />
              org.testng.SuiteRunner.runSequentially(SuiteRunner.java:378)<br />
              org.testng.SuiteRunner.privateRun(SuiteRunner.java:337)<br />
              org.testng.SuiteRunner.run(SuiteRunner.java:286)<br />
              org.testng.SuiteRunnerWorker.runSuite(SuiteRunnerWorker.java:53)<br />
              org.testng.SuiteRunnerWorker.run(SuiteRunnerWorker.java:96)<br />
              org.testng.TestNG.runSuitesSequentially(TestNG.java:1187)<br />
              org.testng.TestNG.runSuitesLocally(TestNG.java:1109)<br />
              org.testng.TestNG.runSuites(TestNG.java:1039)<br />
              org.testng.TestNG.run(TestNG.java:1007)<br />
              org.testng.remote.AbstractRemoteTestNG.run(AbstractRemoteTestNG.java:115)<br />
              org.testng.remote.RemoteTestNG.initAndRun(RemoteTestNG.java:251)<br />
              org.testng.remote.RemoteTestNG.main(RemoteTestNG.java:77)<br />
                </div>
      </td>
</tr>
      </table>


  <table class="resultsTable">
    <tr><th colspan="3" class="header passed">Passed Tests</th></tr>
          <tr>
        <td colspan="3" class="group">test.Home</td>
      </tr>
            
<tr>
  <td class="method">
                  callNow
      </td>
  <td class="duration">
    0.028s
  </td>
  <td class="result">
        
    
            <div class="testOutput">
                        Click to see 
                                <a target="_blank" href=Sat_Feb_06_02_52_45_EST_2021.jpg>Pass Test</a>
                                <br>
                                <br>
                                <a target="_blank" href=Sat_Feb_06_02_52_45_EST_2021.jpg><img src=Sat_Feb_06_02_52_45_EST_2021.jpg height=200 width=200></img></a>
                  </div>
    

      </td>
</tr>
<tr>
  <td class="method">
                  <span class="description" title="Currency button and list verification">currencyButton</span>
      </td>
  <td class="duration">
    2.266s
  </td>
  <td class="result">
        
    
            <div class="testOutput">
                        Click to see 
                                <a target="_blank" href=Sat_Feb_06_02_52_42_EST_2021.jpg>Pass Test</a>
                                <br>
                                <br>
                                <a target="_blank" href=Sat_Feb_06_02_52_42_EST_2021.jpg><img src=Sat_Feb_06_02_52_42_EST_2021.jpg height=200 width=200></img></a>
                  </div>
    

      </td>
</tr>
<tr>
  <td class="method">
                  <span class="description" title="Headline verification">headline</span>
      </td>
  <td class="duration">
    0.103s
  </td>
  <td class="result">
        
    
            <div class="testOutput">
                        Click to see 
                                <a target="_blank" href=Sat_Feb_06_02_52_38_EST_2021.jpg>Pass Test</a>
                                <br>
                                <br>
                                <a target="_blank" href=Sat_Feb_06_02_52_38_EST_2021.jpg><img src=Sat_Feb_06_02_52_38_EST_2021.jpg height=200 width=200></img></a>
                  </div>
    

      </td>
</tr>
<tr>
  <td class="method">
                  <span class="description" title="Language button verification">language</span>
      </td>
  <td class="duration">
    0.189s
  </td>
  <td class="result">
        
    
            <div class="testOutput">
                        Click to see 
                                <a target="_blank" href=Sat_Feb_06_02_52_42_EST_2021.jpg>Pass Test</a>
                                <br>
                                <br>
                                <a target="_blank" href=Sat_Feb_06_02_52_42_EST_2021.jpg><img src=Sat_Feb_06_02_52_42_EST_2021.jpg height=200 width=200></img></a>
                  </div>
    

      </td>
</tr>
<tr>
  <td class="method">
                  <span class="description" title="Logo verification">logo</span>
      </td>
  <td class="duration">
    0.029s
  </td>
  <td class="result">
        
    
            <div class="testOutput">
                        Click to see 
                                <a target="_blank" href=Sat_Feb_06_02_52_39_EST_2021.jpg>Pass Test</a>
                                <br>
                                <br>
                                <a target="_blank" href=Sat_Feb_06_02_52_39_EST_2021.jpg><img src=Sat_Feb_06_02_52_39_EST_2021.jpg height=200 width=200></img></a>
                  </div>
    

      </td>
</tr>
<tr>
  <td class="method">
                  <span class="description" title="My Account verification">myAccount</span>
      </td>
  <td class="duration">
    1.140s
  </td>
  <td class="result">
        
    
            <div class="testOutput">
                        Click to see 
                                <a target="_blank" href=Sat_Feb_06_02_52_44_EST_2021.jpg>Pass Test</a>
                                <br>
                                <br>
                                <a target="_blank" href=Sat_Feb_06_02_52_44_EST_2021.jpg><img src=Sat_Feb_06_02_52_44_EST_2021.jpg height=200 width=200></img></a>
                  </div>
    

      </td>
</tr>
          <tr>
        <td colspan="3" class="group">test.SignIn</td>
      </tr>
            
<tr>
  <td class="method">
                  login
      </td>
  <td class="duration">
    6.396s
  </td>
  <td class="result">
        
          <i>Method arguments: </i><span class="arguments">{Password=demouser, Email=user@phptravels.com}</span><br />
    
            <div class="testOutput">
                        Click to see 
                                <a target="_blank" href=Sat_Feb_06_02_52_55_EST_2021.jpg>Pass Test</a>
                                <br>
                                <br>
                                <a target="_blank" href=Sat_Feb_06_02_52_55_EST_2021.jpg><img src=Sat_Feb_06_02_52_55_EST_2021.jpg height=200 width=200></img></a>
                  </div>
    

      </td>
</tr>
<tr>
  <td class="method">
                  menuBar
      </td>
  <td class="duration">
    0.064s
  </td>
  <td class="result">
        
    
            <div class="testOutput">
                        Click to see 
                                <a target="_blank" href=Sat_Feb_06_02_52_55_EST_2021.jpg>Pass Test</a>
                                <br>
                                <br>
                                <a target="_blank" href=Sat_Feb_06_02_52_55_EST_2021.jpg><img src=Sat_Feb_06_02_52_55_EST_2021.jpg height=200 width=200></img></a>
                  </div>
    

      </td>
</tr>
<tr>
  <td class="method">
                  <span class="description" title="Thumbnail verification">thumbnail</span>
      </td>
  <td class="duration">
    0.024s
  </td>
  <td class="result">
        
    
            <div class="testOutput">
                        Click to see 
                                <a target="_blank" href=Sat_Feb_06_02_52_55_EST_2021.jpg>Pass Test</a>
                                <br>
                                <br>
                                <a target="_blank" href=Sat_Feb_06_02_52_55_EST_2021.jpg><img src=Sat_Feb_06_02_52_55_EST_2021.jpg height=200 width=200></img></a>
                  </div>
    

      </td>
</tr>
      </table>
  
</body>
</html>
