<?xml version="1.0" encoding="UTF-8"?>
<!-- Generated by org.testng.reporters.JUnitReportReporter -->
<testsuite hostname="Cristiano-1" failures="0" tests="6" name="test.Home" time="3.755" errors="0" timestamp="2021-02-06T02:52:57 EST" skipped="0">
  <testcase classname="test.Home" name="headline" time="0.103"/>
  <system-out>
Click to see  <a target="_blank" href=Sat_Feb_06_02_52_38_EST_2021.jpg>Pass Test</a> <br> <br> <a target="_blank" href=Sat_Feb_06_02_52_38_EST_2021.jpg><img src=Sat_Feb_06_02_52_38_EST_2021.jpg height=200 width=200></img></a>  </system-out>
  <testcase classname="test.Home" name="logo" time="0.029"/>
  <system-out>
Click to see  <a target="_blank" href=Sat_Feb_06_02_52_39_EST_2021.jpg>Pass Test</a> <br> <br> <a target="_blank" href=Sat_Feb_06_02_52_39_EST_2021.jpg><img src=Sat_Feb_06_02_52_39_EST_2021.jpg height=200 width=200></img></a>  </system-out>
  <testcase classname="test.Home" name="currencyButton" time="2.266"/>
  <system-out>
Click to see  <a target="_blank" href=Sat_Feb_06_02_52_42_EST_2021.jpg>Pass Test</a> <br> <br> <a target="_blank" href=Sat_Feb_06_02_52_42_EST_2021.jpg><img src=Sat_Feb_06_02_52_42_EST_2021.jpg height=200 width=200></img></a>  </system-out>
  <testcase classname="test.Home" name="language" time="0.189"/>
  <system-out>
Click to see  <a target="_blank" href=Sat_Feb_06_02_52_42_EST_2021.jpg>Pass Test</a> <br> <br> <a target="_blank" href=Sat_Feb_06_02_52_42_EST_2021.jpg><img src=Sat_Feb_06_02_52_42_EST_2021.jpg height=200 width=200></img></a>  </system-out>
  <testcase classname="test.Home" name="myAccount" time="1.140"/>
  <system-out>
Click to see  <a target="_blank" href=Sat_Feb_06_02_52_44_EST_2021.jpg>Pass Test</a> <br> <br> <a target="_blank" href=Sat_Feb_06_02_52_44_EST_2021.jpg><img src=Sat_Feb_06_02_52_44_EST_2021.jpg height=200 width=200></img></a>  </system-out>
  <testcase classname="test.Home" name="callNow" time="0.028"/>
  <system-out>
Click to see  <a target="_blank" href=Sat_Feb_06_02_52_45_EST_2021.jpg>Pass Test</a> <br> <br> <a target="_blank" href=Sat_Feb_06_02_52_45_EST_2021.jpg><img src=Sat_Feb_06_02_52_45_EST_2021.jpg height=200 width=200></img></a>  </system-out>
</testsuite> <!-- test.Home -->
