<?xml version="1.0" encoding="UTF-8"?>
<testsuite name="Test"
           tests="6"
           failures="0"
           errors="0"
           skipped="0"
           time="3.755">
  <properties />
  
  
            <testcase name="language" time="0.189" classname="test.Home" />
                <testcase name="currencyButton" time="2.266" classname="test.Home" />
                <testcase name="logo" time="0.029" classname="test.Home" />
                <testcase name="callNow" time="0.028" classname="test.Home" />
                <testcase name="headline" time="0.103" classname="test.Home" />
                <testcase name="myAccount" time="1.140" classname="test.Home" />
      
</testsuite>
